Analysis & Synthesis report for vga
Mon Nov 15 11:25:08 2010
Quartus II Version 7.1 Build 178 06/25/2007 Service Pack 1 SJ Full Version


---------------------
; Table of Contents ;
---------------------
  1. Legal Notice
  2. Analysis & Synthesis Summary
  3. Analysis & Synthesis Settings
  4. Analysis & Synthesis Source Files Read
  5. Analysis & Synthesis Resource Usage Summary
  6. Analysis & Synthesis Resource Utilization by Entity
  7. State Machine - |vga|vertikal
  8. State Machine - |vga|horizontal
  9. General Register Statistics
 10. Inverted Register Statistics
 11. Multiplexer Restructuring Statistics (Restructuring Performed)
 12. Parameter Settings for User Entity Instance: Top-level Entity: |vga
 13. Analysis & Synthesis Messages



----------------
; Legal Notice ;
----------------
Copyright (C) 1991-2007 Altera Corporation
Your use of Altera Corporation's design tools, logic functions 
and other software and tools, and its AMPP partner logic 
functions, and any output files from any of the foregoing 
(including device programming or simulation files), and any 
associated documentation or information are expressly subject 
to the terms and conditions of the Altera Program License 
Subscription Agreement, Altera MegaCore Function License 
Agreement, or other applicable license agreement, including, 
without limitation, that your use is for the sole purpose of 
programming logic devices manufactured by Altera and sold by 
Altera or its authorized distributors.  Please refer to the 
applicable agreement for further details.



+------------------------------------------------------------------------------------+
; Analysis & Synthesis Summary                                                       ;
+------------------------------------+-----------------------------------------------+
; Analysis & Synthesis Status        ; Successful - Mon Nov 15 11:25:08 2010         ;
; Quartus II Version                 ; 7.1 Build 178 06/25/2007 SP 1 SJ Full Version ;
; Revision Name                      ; vga                                           ;
; Top-level Entity Name              ; vga                                           ;
; Family                             ; Cyclone II                                    ;
; Total logic elements               ; 120                                           ;
;     Total combinational functions  ; 120                                           ;
;     Dedicated logic registers      ; 69                                            ;
; Total registers                    ; 69                                            ;
; Total pins                         ; 37                                            ;
; Total virtual pins                 ; 0                                             ;
; Total memory bits                  ; 0                                             ;
; Embedded Multiplier 9-bit elements ; 0                                             ;
; Total PLLs                         ; 0                                             ;
+------------------------------------+-----------------------------------------------+


+--------------------------------------------------------------------------------------------------------------------------+
; Analysis & Synthesis Settings                                                                                            ;
+--------------------------------------------------------------------------------+--------------------+--------------------+
; Option                                                                         ; Setting            ; Default Value      ;
+--------------------------------------------------------------------------------+--------------------+--------------------+
; Device                                                                         ; EP2C20F484C7       ;                    ;
; Top-level entity name                                                          ; vga                ; vga                ;
; Family name                                                                    ; Cyclone II         ; Stratix II         ;
; Restructure Multiplexers                                                       ; Auto               ; Auto               ;
; Create Debugging Nodes for IP Cores                                            ; Off                ; Off                ;
; Preserve fewer node names                                                      ; On                 ; On                 ;
; Disable OpenCore Plus hardware evaluation                                      ; Off                ; Off                ;
; Verilog Version                                                                ; Verilog_2001       ; Verilog_2001       ;
; VHDL Version                                                                   ; VHDL93             ; VHDL93             ;
; State Machine Processing                                                       ; Auto               ; Auto               ;
; Safe State Machine                                                             ; Off                ; Off                ;
; Extract Verilog State Machines                                                 ; On                 ; On                 ;
; Extract VHDL State Machines                                                    ; On                 ; On                 ;
; Ignore Verilog initial constructs                                              ; Off                ; Off                ;
; Add Pass-Through Logic to Inferred RAMs                                        ; On                 ; On                 ;
; DSP Block Balancing                                                            ; Auto               ; Auto               ;
; NOT Gate Push-Back                                                             ; On                 ; On                 ;
; Power-Up Don't Care                                                            ; On                 ; On                 ;
; Remove Redundant Logic Cells                                                   ; Off                ; Off                ;
; Remove Duplicate Registers                                                     ; On                 ; On                 ;
; Ignore CARRY Buffers                                                           ; Off                ; Off                ;
; Ignore CASCADE Buffers                                                         ; Off                ; Off                ;
; Ignore GLOBAL Buffers                                                          ; Off                ; Off                ;
; Ignore ROW GLOBAL Buffers                                                      ; Off                ; Off                ;
; Ignore LCELL Buffers                                                           ; Off                ; Off                ;
; Ignore SOFT Buffers                                                            ; On                 ; On                 ;
; Limit AHDL Integers to 32 Bits                                                 ; Off                ; Off                ;
; Optimization Technique -- Cyclone II/Cyclone III                               ; Balanced           ; Balanced           ;
; Carry Chain Length -- Stratix/Stratix GX/Cyclone/MAX II/Cyclone II/Cyclone III ; 70                 ; 70                 ;
; Auto Carry Chains                                                              ; On                 ; On                 ;
; Auto Open-Drain Pins                                                           ; On                 ; On                 ;
; Perform WYSIWYG Primitive Resynthesis                                          ; Off                ; Off                ;
; Perform gate-level register retiming                                           ; Off                ; Off                ;
; Allow register retiming to trade off Tsu/Tco with Fmax                         ; On                 ; On                 ;
; Auto ROM Replacement                                                           ; On                 ; On                 ;
; Auto RAM Replacement                                                           ; On                 ; On                 ;
; Auto Shift Register Replacement                                                ; Auto               ; Auto               ;
; Auto Clock Enable Replacement                                                  ; On                 ; On                 ;
; Allow Synchronous Control Signals                                              ; On                 ; On                 ;
; Force Use of Synchronous Clear Signals                                         ; Off                ; Off                ;
; Auto RAM to Logic Cell Conversion                                              ; Off                ; Off                ;
; Auto Resource Sharing                                                          ; Off                ; Off                ;
; Allow Any RAM Size For Recognition                                             ; Off                ; Off                ;
; Allow Any ROM Size For Recognition                                             ; Off                ; Off                ;
; Allow Any Shift Register Size For Recognition                                  ; Off                ; Off                ;
; Ignore translate_off and synthesis_off directives                              ; Off                ; Off                ;
; Show Parameter Settings Tables in Synthesis Report                             ; On                 ; On                 ;
; Ignore Maximum Fan-Out Assignments                                             ; Off                ; Off                ;
; Retiming Meta-Stability Register Sequence Length                               ; 2                  ; 2                  ;
; PowerPlay Power Optimization                                                   ; Normal compilation ; Normal compilation ;
; HDL message level                                                              ; Level2             ; Level2             ;
; Suppress Register Optimization Related Messages                                ; Off                ; Off                ;
; Number of Removed Registers Reported in Synthesis Report                       ; 100                ; 100                ;
; Clock MUX Protection                                                           ; On                 ; On                 ;
; Use smart compilation                                                          ; Off                ; Off                ;
+--------------------------------------------------------------------------------+--------------------+--------------------+


+----------------------------------------------------------------------------------------------------------------------------------------------------+
; Analysis & Synthesis Source Files Read                                                                                                             ;
+----------------------------------+-----------------+-----------------+-----------------------------------------------------------------------------+
; File Name with User-Entered Path ; Used in Netlist ; File Type       ; File Name with Absolute Path                                                ;
+----------------------------------+-----------------+-----------------+-----------------------------------------------------------------------------+
; ../vga.vhd                       ; yes             ; User VHDL File  ; D:/UserData/AE0B38APH/strobmir/VGA/APH/APH/APH/APH/Quartus projects/vga.vhd ;
+----------------------------------+-----------------+-----------------+-----------------------------------------------------------------------------+


+-----------------------------------------------------+
; Analysis & Synthesis Resource Usage Summary         ;
+---------------------------------------------+-------+
; Resource                                    ; Usage ;
+---------------------------------------------+-------+
; Estimated Total logic elements              ; 120   ;
;                                             ;       ;
; Total combinational functions               ; 120   ;
; Logic element usage by number of LUT inputs ;       ;
;     -- 4 input functions                    ; 43    ;
;     -- 3 input functions                    ; 17    ;
;     -- <=2 input functions                  ; 60    ;
;                                             ;       ;
; Logic elements by mode                      ;       ;
;     -- normal mode                          ; 69    ;
;     -- arithmetic mode                      ; 51    ;
;                                             ;       ;
; Total registers                             ; 69    ;
;     -- Dedicated logic registers            ; 69    ;
;     -- I/O registers                        ; 0     ;
;                                             ;       ;
; I/O pins                                    ; 37    ;
; Maximum fan-out node                        ; reset ;
; Maximum fan-out                             ; 69    ;
; Total fan-out                               ; 611   ;
; Average fan-out                             ; 2.70  ;
+---------------------------------------------+-------+


+-----------------------------------------------------------------------------------------------------------------------------------------------------------------------------+
; Analysis & Synthesis Resource Utilization by Entity                                                                                                                         ;
+----------------------------+-------------------+--------------+-------------+--------------+---------+-----------+------+--------------+---------------------+--------------+
; Compilation Hierarchy Node ; LC Combinationals ; LC Registers ; Memory Bits ; DSP Elements ; DSP 9x9 ; DSP 18x18 ; Pins ; Virtual Pins ; Full Hierarchy Name ; Library Name ;
+----------------------------+-------------------+--------------+-------------+--------------+---------+-----------+------+--------------+---------------------+--------------+
; |vga                       ; 120 (120)         ; 69 (69)      ; 0           ; 0            ; 0       ; 0         ; 37   ; 0            ; |vga                ; work         ;
+----------------------------+-------------------+--------------+-------------+--------------+---------+-----------+------+--------------+---------------------+--------------+
Note: For table entries with two numbers listed, the numbers in parentheses indicate the number of resources of the given type used by the specific entity alone. The numbers listed outside of parentheses indicate the total resources of the given type used by the specific entity and all of its sub-entities in the hierarchy.


Encoding Type:  One-Hot
+--------------------------------------------------------------------------------+
; State Machine - |vga|vertikal                                                  ;
+----------------+----------------+---------------+---------------+--------------+
; Name           ; vertikal.front ; vertikal.data ; vertikal.back ; vertikal.syn ;
+----------------+----------------+---------------+---------------+--------------+
; vertikal.syn   ; 0              ; 0             ; 0             ; 0            ;
; vertikal.back  ; 0              ; 0             ; 1             ; 1            ;
; vertikal.data  ; 0              ; 1             ; 0             ; 1            ;
; vertikal.front ; 1              ; 0             ; 0             ; 1            ;
+----------------+----------------+---------------+---------------+--------------+


Encoding Type:  One-Hot
+------------------------------------------------------------------------------------------+
; State Machine - |vga|horizontal                                                          ;
+------------------+------------------+-----------------+-----------------+----------------+
; Name             ; horizontal.front ; horizontal.data ; horizontal.back ; horizontal.syn ;
+------------------+------------------+-----------------+-----------------+----------------+
; horizontal.syn   ; 0                ; 0               ; 0               ; 0              ;
; horizontal.back  ; 0                ; 0               ; 1               ; 1              ;
; horizontal.data  ; 0                ; 1               ; 0               ; 1              ;
; horizontal.front ; 1                ; 0               ; 0               ; 1              ;
+------------------+------------------+-----------------+-----------------+----------------+


+------------------------------------------------------+
; General Register Statistics                          ;
+----------------------------------------------+-------+
; Statistic                                    ; Value ;
+----------------------------------------------+-------+
; Total registers                              ; 69    ;
; Number of registers using Synchronous Clear  ; 32    ;
; Number of registers using Synchronous Load   ; 24    ;
; Number of registers using Asynchronous Clear ; 69    ;
; Number of registers using Asynchronous Load  ; 0     ;
; Number of registers using Clock Enable       ; 0     ;
; Number of registers using Preset             ; 0     ;
+----------------------------------------------+-------+


+---------------------------------------------------+
; Inverted Register Statistics                      ;
+-----------------------------------------+---------+
; Inverted Register                       ; Fan out ;
+-----------------------------------------+---------+
; horizontal_citac[0]                     ; 2       ;
; horizontal_citac[1]                     ; 2       ;
; horizontal_citac[7]                     ; 2       ;
; horizontal_citac[8]                     ; 2       ;
; horizontal_citac[10]                    ; 2       ;
; horizontal_citac[11]                    ; 2       ;
; horizontal_citac[2]                     ; 2       ;
; horizontal_citac[3]                     ; 2       ;
; horizontal_citac[9]                     ; 6       ;
; horizontal_citac[5]                     ; 8       ;
; horizontal_citac[4]                     ; 4       ;
; horizontal_citac[6]                     ; 4       ;
; vertikal_citac[1]                       ; 3       ;
; vertikal_citac[9]                       ; 3       ;
; vertikal_citac[10]                      ; 3       ;
; vertikal_citac[11]                      ; 3       ;
; vertikal_citac[8]                       ; 4       ;
; vertikal_citac[2]                       ; 3       ;
; vertikal_citac[4]                       ; 3       ;
; vertikal_citac[6]                       ; 3       ;
; vertikal_citac[7]                       ; 3       ;
; vertikal_citac[5]                       ; 3       ;
; vertikal_citac[0]                       ; 3       ;
; vertikal_citac[3]                       ; 8       ;
; h_sync_b                                ; 52      ;
; v_sync_b                                ; 2       ;
; Total number of inverted registers = 26 ;         ;
+-----------------------------------------+---------+


+------------------------------------------------------------------------------------------------------------------------------------------+
; Multiplexer Restructuring Statistics (Restructuring Performed)                                                                           ;
+--------------------+-----------+---------------+----------------------+------------------------+------------+----------------------------+
; Multiplexer Inputs ; Bus Width ; Baseline Area ; Area if Restructured ; Saving if Restructured ; Registered ; Example Multiplexer Output ;
+--------------------+-----------+---------------+----------------------+------------------------+------------+----------------------------+
; 3:1                ; 12 bits   ; 24 LEs        ; 12 LEs               ; 12 LEs                 ; Yes        ; |vga|radka_pom[1]          ;
; 8:1                ; 12 bits   ; 60 LEs        ; 12 LEs               ; 48 LEs                 ; Yes        ; |vga|vertikal_citac[3]     ;
; 8:1                ; 12 bits   ; 60 LEs        ; 12 LEs               ; 48 LEs                 ; Yes        ; |vga|horizontal_citac[3]   ;
; 8:1                ; 4 bits    ; 20 LEs        ; 12 LEs               ; 8 LEs                  ; No         ; |vga|Selector20            ;
; 8:1                ; 4 bits    ; 20 LEs        ; 12 LEs               ; 8 LEs                  ; No         ; |vga|Selector4             ;
+--------------------+-----------+---------------+----------------------+------------------------+------------+----------------------------+


+----------------------------------------------------------------------------------------+
; Parameter Settings for User Entity Instance: Top-level Entity: |vga                    ;
+-----------------+----------------------------------------------------+-----------------+
; Parameter Name  ; Value                                              ; Type            ;
+-----------------+----------------------------------------------------+-----------------+
; h_sync_polarity ; '0'                                                ; Enumerated      ;
; v_sync_polarity ; '0'                                                ; Enumerated      ;
; h_syn           ; A('0','0','0','0','0','1','1','0','0','0','0','0') ; Unsigned Binary ;
; h_back          ; A('0','0','0','0','0','0','1','1','0','0','0','0') ; Unsigned Binary ;
; h_data          ; A('0','0','1','0','1','0','0','0','0','0','0','0') ; Unsigned Binary ;
; h_front         ; A('0','0','0','0','0','0','0','1','0','0','0','0') ; Unsigned Binary ;
; v_syn           ; A('0','0','0','0','0','0','0','0','0','0','1','0') ; Unsigned Binary ;
; v_back          ; A('0','0','0','0','0','0','1','0','0','0','0','1') ; Unsigned Binary ;
; v_data          ; A('0','0','0','1','1','1','1','0','0','0','0','0') ; Unsigned Binary ;
; v_front         ; A('0','0','0','0','0','0','0','0','1','0','1','0') ; Unsigned Binary ;
; pixelu_na_radku ; A('0','0','1','1','0','0','1','0','0','0','0','0') ; Unsigned Binary ;
+-----------------+----------------------------------------------------+-----------------+
Note: In order to hide this table in the UI and the text report file, please set the "Show Parameter Settings Tables in Synthesis Report" option in "Analysis and Synthesis Settings -> More Settings" to "Off".


+-------------------------------+
; Analysis & Synthesis Messages ;
+-------------------------------+
Info: *******************************************************************
Info: Running Quartus II Analysis & Synthesis
    Info: Version 7.1 Build 178 06/25/2007 Service Pack 1 SJ Full Version
    Info: Processing started: Mon Nov 15 11:25:06 2010
Info: Command: quartus_map --read_settings_files=on --write_settings_files=off vga -c vga
Info: Found 2 design units, including 1 entities, in source file ../vga.vhd
    Info: Found design unit 1: vga-behav
    Info: Found entity 1: vga
Info: Elaborating entity "vga" for the top level hierarchy
Warning (10036): Verilog HDL or VHDL warning at vga.vhd(44): object "vertikal_citac_line" assigned a value but never read
Warning (10036): Verilog HDL or VHDL warning at vga.vhd(46): object "enable" assigned a value but never read
Info: State machine "|vga|vertikal" contains 4 states
Info: State machine "|vga|horizontal" contains 4 states
Info: Selected Auto state machine encoding method for state machine "|vga|vertikal"
Info: Encoding result for state machine "|vga|vertikal"
    Info: Completed encoding using 4 state bits
        Info: Encoded state bit "vertikal.front"
        Info: Encoded state bit "vertikal.data"
        Info: Encoded state bit "vertikal.back"
        Info: Encoded state bit "vertikal.syn"
    Info: State "|vga|vertikal.syn" uses code string "0000"
    Info: State "|vga|vertikal.back" uses code string "0011"
    Info: State "|vga|vertikal.data" uses code string "0101"
    Info: State "|vga|vertikal.front" uses code string "1001"
Info: Selected Auto state machine encoding method for state machine "|vga|horizontal"
Info: Encoding result for state machine "|vga|horizontal"
    Info: Completed encoding using 4 state bits
        Info: Encoded state bit "horizontal.front"
        Info: Encoded state bit "horizontal.data"
        Info: Encoded state bit "horizontal.back"
        Info: Encoded state bit "horizontal.syn"
    Info: State "|vga|horizontal.syn" uses code string "0000"
    Info: State "|vga|horizontal.back" uses code string "0011"
    Info: State "|vga|horizontal.data" uses code string "0101"
    Info: State "|vga|horizontal.front" uses code string "1001"
Info: Registers with preset signals will power-up high
Info: DEV_CLRn pin will set, and not reset, register with preset signal due to NOT Gate Push-Back
Warning: Output pins are stuck at VCC or GND
    Warning: Pin "signal_r[0]" stuck at GND
    Warning: Pin "signal_r[1]" stuck at GND
    Warning: Pin "signal_r[2]" stuck at GND
    Warning: Pin "signal_r[3]" stuck at GND
    Warning: Pin "signal_r[4]" stuck at GND
    Warning: Pin "signal_r[5]" stuck at GND
    Warning: Pin "signal_r[6]" stuck at GND
    Warning: Pin "signal_r[7]" stuck at GND
    Warning: Pin "signal_r[8]" stuck at GND
    Warning: Pin "signal_r[9]" stuck at GND
    Warning: Pin "signal_g[0]" stuck at GND
    Warning: Pin "signal_g[1]" stuck at GND
    Warning: Pin "signal_g[2]" stuck at GND
    Warning: Pin "signal_g[3]" stuck at GND
    Warning: Pin "signal_g[4]" stuck at GND
    Warning: Pin "signal_g[5]" stuck at GND
    Warning: Pin "signal_g[6]" stuck at GND
    Warning: Pin "signal_g[7]" stuck at GND
    Warning: Pin "signal_g[8]" stuck at GND
    Warning: Pin "signal_g[9]" stuck at GND
    Warning: Pin "signal_b[8]" stuck at GND
    Warning: Pin "signal_b[9]" stuck at GND
    Warning: Pin "vga_sync" stuck at VCC
    Warning: Pin "vga_blank" stuck at VCC
Info: Implemented 157 device resources after synthesis - the final resource count might be different
    Info: Implemented 2 input pins
    Info: Implemented 35 output pins
    Info: Implemented 120 logic cells
Info: Quartus II Analysis & Synthesis was successful. 0 errors, 27 warnings
    Info: Allocated 163 megabytes of memory during processing
    Info: Processing ended: Mon Nov 15 11:25:08 2010
    Info: Elapsed time: 00:00:02


