Assembler report for vga
Mon Nov 15 11:25:27 2010
Quartus II Version 7.1 Build 178 06/25/2007 Service Pack 1 SJ Full Version


---------------------
; Table of Contents ;
---------------------
  1. Legal Notice
  2. Assembler Summary
  3. Assembler Settings
  4. Assembler Generated Files
  5. Assembler Device Options: D:/UserData/AE0B38APH/strobmir/VGA/APH/APH/APH/APH/Quartus projects/DE1/vga.sof
  6. Assembler Device Options: D:/UserData/AE0B38APH/strobmir/VGA/APH/APH/APH/APH/Quartus projects/DE1/vga.pof
  7. Assembler Messages



----------------
; Legal Notice ;
----------------
Copyright (C) 1991-2007 Altera Corporation
Your use of Altera Corporation's design tools, logic functions 
and other software and tools, and its AMPP partner logic 
functions, and any output files from any of the foregoing 
(including device programming or simulation files), and any 
associated documentation or information are expressly subject 
to the terms and conditions of the Altera Program License 
Subscription Agreement, Altera MegaCore Function License 
Agreement, or other applicable license agreement, including, 
without limitation, that your use is for the sole purpose of 
programming logic devices manufactured by Altera and sold by 
Altera or its authorized distributors.  Please refer to the 
applicable agreement for further details.



+---------------------------------------------------------------+
; Assembler Summary                                             ;
+-----------------------+---------------------------------------+
; Assembler Status      ; Successful - Mon Nov 15 11:25:27 2010 ;
; Revision Name         ; vga                                   ;
; Top-level Entity Name ; vga                                   ;
; Family                ; Cyclone II                            ;
; Device                ; EP2C20F484C7                          ;
+-----------------------+---------------------------------------+


+--------------------------------------------------------------------------------------------------------+
; Assembler Settings                                                                                     ;
+-----------------------------------------------------------------------------+----------+---------------+
; Option                                                                      ; Setting  ; Default Value ;
+-----------------------------------------------------------------------------+----------+---------------+
; Generate Serial Vector Format File (.svf) for Target Device                 ; Off      ; Off           ;
; Generate a JEDEC STAPL Format File (.jam) for Target Device                 ; Off      ; Off           ;
; Generate a compressed Jam STAPL Byte Code 2.0 File (.jbc) for Target Device ; Off      ; Off           ;
; Generate a compressed Jam STAPL Byte Code 2.0 File (.jbc) for Target Device ; On       ; On            ;
; Generate compressed bitstreams                                              ; On       ; On            ;
; Compression mode                                                            ; Off      ; Off           ;
; Clock source for configuration device                                       ; Internal ; Internal      ;
; Clock frequency of the configuration device                                 ; 10 MHZ   ; 10 MHz        ;
; Divide clock frequency by                                                   ; 1        ; 1             ;
; JTAG user code for target device                                            ; Ffffffff ; Ffffffff      ;
; Auto user code                                                              ; Off      ; Off           ;
; Configuration device                                                        ; Auto     ; Auto          ;
; JTAG user code for configuration device                                     ; Ffffffff ; Ffffffff      ;
; Configuration device auto user code                                         ; Off      ; Off           ;
; Generate Tabular Text File (.ttf) For Target Device                         ; Off      ; Off           ;
; Generate Raw Binary File (.rbf) For Target Device                           ; Off      ; Off           ;
; Generate Hexadecimal (Intel-Format) Output File (.hexout) for Target Device ; Off      ; Off           ;
; Hexadecimal Output File start address                                       ; 0        ; 0             ;
; Hexadecimal Output File count direction                                     ; Up       ; Up            ;
; Release clears before tri-states                                            ; Off      ; Off           ;
; Auto-restart configuration after error                                      ; On       ; On            ;
; Maintain Compatibility with All Cyclone II M4K Versions                     ; On       ; On            ;
; Use smart compilation                                                       ; Off      ; Off           ;
+-----------------------------------------------------------------------------+----------+---------------+


+---------------------------------------------------------------------------------+
; Assembler Generated Files                                                       ;
+---------------------------------------------------------------------------------+
; File Name                                                                       ;
+---------------------------------------------------------------------------------+
; D:/UserData/AE0B38APH/strobmir/VGA/APH/APH/APH/APH/Quartus projects/DE1/vga.sof ;
; D:/UserData/AE0B38APH/strobmir/VGA/APH/APH/APH/APH/Quartus projects/DE1/vga.pof ;
+---------------------------------------------------------------------------------+


+-----------------------------------------------------------------------------------------------------------+
; Assembler Device Options: D:/UserData/AE0B38APH/strobmir/VGA/APH/APH/APH/APH/Quartus projects/DE1/vga.sof ;
+----------------+------------------------------------------------------------------------------------------+
; Option         ; Setting                                                                                  ;
+----------------+------------------------------------------------------------------------------------------+
; Device         ; EP2C20F484C7                                                                             ;
; JTAG usercode  ; 0xFFFFFFFF                                                                               ;
; Checksum       ; 0x001C3425                                                                               ;
+----------------+------------------------------------------------------------------------------------------+


+-----------------------------------------------------------------------------------------------------------+
; Assembler Device Options: D:/UserData/AE0B38APH/strobmir/VGA/APH/APH/APH/APH/Quartus projects/DE1/vga.pof ;
+--------------------+--------------------------------------------------------------------------------------+
; Option             ; Setting                                                                              ;
+--------------------+--------------------------------------------------------------------------------------+
; Device             ; EPCS16                                                                               ;
; JTAG usercode      ; 0x00000000                                                                           ;
; Checksum           ; 0x1DD832EA                                                                           ;
; Compression Ratio  ; 3                                                                                    ;
+--------------------+--------------------------------------------------------------------------------------+


+--------------------+
; Assembler Messages ;
+--------------------+
Info: *******************************************************************
Info: Running Quartus II Assembler
    Info: Version 7.1 Build 178 06/25/2007 Service Pack 1 SJ Full Version
    Info: Processing started: Mon Nov 15 11:25:17 2010
Info: Command: quartus_asm --read_settings_files=off --write_settings_files=off vga -c vga
Info: Writing out detailed assembly data for power analysis
Info: Assembler is generating device programming files
Info: Quartus II Assembler was successful. 0 errors, 0 warnings
    Info: Allocated 168 megabytes of memory during processing
    Info: Processing ended: Mon Nov 15 11:25:27 2010
    Info: Elapsed time: 00:00:10


