Analysis & Synthesis report for vga
Tue Nov 23 13:23:52 2010
Quartus II Version 9.1 Build 350 03/24/2010 Service Pack 2 SJ Web Edition


---------------------
; Table of Contents ;
---------------------
  1. Legal Notice
  2. Analysis & Synthesis Summary
  3. Analysis & Synthesis Settings
  4. Parallel Compilation
  5. Analysis & Synthesis Source Files Read
  6. Analysis & Synthesis Resource Usage Summary
  7. Analysis & Synthesis Resource Utilization by Entity
  8. State Machine - |vga|vertikal
  9. State Machine - |vga|horizontal
 10. General Register Statistics
 11. Inverted Register Statistics
 12. Multiplexer Restructuring Statistics (Restructuring Performed)
 13. Source assignments for ram:ram_inst|altsyncram:altsyncram_component|altsyncram_50c1:auto_generated
 14. Source assignments for rom:rom_inst|altsyncram:altsyncram_component|altsyncram_5t61:auto_generated
 15. Parameter Settings for User Entity Instance: Top-level Entity: |vga
 16. Parameter Settings for User Entity Instance: ram:ram_inst|altsyncram:altsyncram_component
 17. Parameter Settings for User Entity Instance: rom:rom_inst|altsyncram:altsyncram_component
 18. altsyncram Parameter Settings by Entity Instance
 19. Port Connectivity Checks: "rom:rom_inst"
 20. Port Connectivity Checks: "ram:ram_inst"
 21. Analysis & Synthesis Messages



----------------
; Legal Notice ;
----------------
Copyright (C) 1991-2010 Altera Corporation
Your use of Altera Corporation's design tools, logic functions 
and other software and tools, and its AMPP partner logic 
functions, and any output files from any of the foregoing 
(including device programming or simulation files), and any 
associated documentation or information are expressly subject 
to the terms and conditions of the Altera Program License 
Subscription Agreement, Altera MegaCore Function License 
Agreement, or other applicable license agreement, including, 
without limitation, that your use is for the sole purpose of 
programming logic devices manufactured by Altera and sold by 
Altera or its authorized distributors.  Please refer to the 
applicable agreement for further details.



+-----------------------------------------------------------------------------------+
; Analysis & Synthesis Summary                                                      ;
+------------------------------------+----------------------------------------------+
; Analysis & Synthesis Status        ; Successful - Tue Nov 23 13:23:52 2010        ;
; Quartus II Version                 ; 9.1 Build 350 03/24/2010 SP 2 SJ Web Edition ;
; Revision Name                      ; vga                                          ;
; Top-level Entity Name              ; vga                                          ;
; Family                             ; Cyclone II                                   ;
; Total logic elements               ; 111                                          ;
;     Total combinational functions  ; 109                                          ;
;     Dedicated logic registers      ; 53                                           ;
; Total registers                    ; 53                                           ;
; Total pins                         ; 37                                           ;
; Total virtual pins                 ; 0                                            ;
; Total memory bits                  ; 0                                            ;
; Embedded Multiplier 9-bit elements ; 0                                            ;
; Total PLLs                         ; 0                                            ;
+------------------------------------+----------------------------------------------+


+----------------------------------------------------------------------------------------------------------------------+
; Analysis & Synthesis Settings                                                                                        ;
+----------------------------------------------------------------------------+--------------------+--------------------+
; Option                                                                     ; Setting            ; Default Value      ;
+----------------------------------------------------------------------------+--------------------+--------------------+
; Device                                                                     ; EP2C35F672C6       ;                    ;
; Top-level entity name                                                      ; vga                ; vga                ;
; Family name                                                                ; Cyclone II         ; Stratix II         ;
; Use smart compilation                                                      ; Off                ; Off                ;
; Enable parallel Assembler and TimeQuest Timing Analyzer during compilation ; On                 ; On                 ;
; Enable compact report table                                                ; Off                ; Off                ;
; Restructure Multiplexers                                                   ; Auto               ; Auto               ;
; Create Debugging Nodes for IP Cores                                        ; Off                ; Off                ;
; Preserve fewer node names                                                  ; On                 ; On                 ;
; Disable OpenCore Plus hardware evaluation                                  ; Off                ; Off                ;
; Verilog Version                                                            ; Verilog_2001       ; Verilog_2001       ;
; VHDL Version                                                               ; VHDL_1993          ; VHDL_1993          ;
; State Machine Processing                                                   ; Auto               ; Auto               ;
; Safe State Machine                                                         ; Off                ; Off                ;
; Extract Verilog State Machines                                             ; On                 ; On                 ;
; Extract VHDL State Machines                                                ; On                 ; On                 ;
; Ignore Verilog initial constructs                                          ; Off                ; Off                ;
; Iteration limit for constant Verilog loops                                 ; 5000               ; 5000               ;
; Iteration limit for non-constant Verilog loops                             ; 250                ; 250                ;
; Add Pass-Through Logic to Inferred RAMs                                    ; On                 ; On                 ;
; Parallel Synthesis                                                         ; On                 ; On                 ;
; DSP Block Balancing                                                        ; Auto               ; Auto               ;
; NOT Gate Push-Back                                                         ; On                 ; On                 ;
; Power-Up Don't Care                                                        ; On                 ; On                 ;
; Remove Redundant Logic Cells                                               ; Off                ; Off                ;
; Remove Duplicate Registers                                                 ; On                 ; On                 ;
; Ignore CARRY Buffers                                                       ; Off                ; Off                ;
; Ignore CASCADE Buffers                                                     ; Off                ; Off                ;
; Ignore GLOBAL Buffers                                                      ; Off                ; Off                ;
; Ignore ROW GLOBAL Buffers                                                  ; Off                ; Off                ;
; Ignore LCELL Buffers                                                       ; Off                ; Off                ;
; Ignore SOFT Buffers                                                        ; On                 ; On                 ;
; Limit AHDL Integers to 32 Bits                                             ; Off                ; Off                ;
; Optimization Technique                                                     ; Balanced           ; Balanced           ;
; Carry Chain Length                                                         ; 70                 ; 70                 ;
; Auto Carry Chains                                                          ; On                 ; On                 ;
; Auto Open-Drain Pins                                                       ; On                 ; On                 ;
; Perform WYSIWYG Primitive Resynthesis                                      ; Off                ; Off                ;
; Auto ROM Replacement                                                       ; On                 ; On                 ;
; Auto RAM Replacement                                                       ; On                 ; On                 ;
; Auto Shift Register Replacement                                            ; Auto               ; Auto               ;
; Auto Clock Enable Replacement                                              ; On                 ; On                 ;
; Strict RAM Replacement                                                     ; Off                ; Off                ;
; Allow Synchronous Control Signals                                          ; On                 ; On                 ;
; Force Use of Synchronous Clear Signals                                     ; Off                ; Off                ;
; Auto RAM to Logic Cell Conversion                                          ; Off                ; Off                ;
; Auto Resource Sharing                                                      ; Off                ; Off                ;
; Allow Any RAM Size For Recognition                                         ; Off                ; Off                ;
; Allow Any ROM Size For Recognition                                         ; Off                ; Off                ;
; Allow Any Shift Register Size For Recognition                              ; Off                ; Off                ;
; Use LogicLock Constraints during Resource Balancing                        ; On                 ; On                 ;
; Ignore translate_off and synthesis_off directives                          ; Off                ; Off                ;
; Timing-Driven Synthesis                                                    ; Off                ; Off                ;
; Show Parameter Settings Tables in Synthesis Report                         ; On                 ; On                 ;
; Ignore Maximum Fan-Out Assignments                                         ; Off                ; Off                ;
; Synchronization Register Chain Length                                      ; 2                  ; 2                  ;
; PowerPlay Power Optimization                                               ; Normal compilation ; Normal compilation ;
; HDL message level                                                          ; Level2             ; Level2             ;
; Suppress Register Optimization Related Messages                            ; Off                ; Off                ;
; Number of Removed Registers Reported in Synthesis Report                   ; 5000               ; 5000               ;
; Number of Inverted Registers Reported in Synthesis Report                  ; 100                ; 100                ;
; Clock MUX Protection                                                       ; On                 ; On                 ;
; Auto Gated Clock Conversion                                                ; Off                ; Off                ;
; Block Design Naming                                                        ; Auto               ; Auto               ;
; SDC constraint protection                                                  ; Off                ; Off                ;
; Synthesis Effort                                                           ; Auto               ; Auto               ;
; Shift Register Replacement - Allow Asynchronous Clear Signal               ; On                 ; On                 ;
; Analysis & Synthesis Message Level                                         ; Medium             ; Medium             ;
; Disable Register Merging Across Hierarchies                                ; Auto               ; Auto               ;
; Resource Aware Inference For Block RAM                                     ; On                 ; On                 ;
+----------------------------------------------------------------------------+--------------------+--------------------+


Parallel compilation was disabled, but you have multiple processors available. Enable parallel compilation to reduce compilation time.
+-------------------------------------+
; Parallel Compilation                ;
+----------------------------+--------+
; Processors                 ; Number ;
+----------------------------+--------+
; Number detected on machine ; 2      ;
; Maximum allowed            ; 1      ;
+----------------------------+--------+


+--------------------------------------------------------------------------------------------------------------------------------------------------------------+
; Analysis & Synthesis Source Files Read                                                                                                                       ;
+----------------------------------+-----------------+----------------------------------------+----------------------------------------------------------------+
; File Name with User-Entered Path ; Used in Netlist ; File Type                              ; File Name with Absolute Path                                   ;
+----------------------------------+-----------------+----------------------------------------+----------------------------------------------------------------+
; ../RAM/ram.vhd                   ; yes             ; User Wizard-Generated File             ; C:/VGA-VHDL/RAM/ram.vhd                                        ;
; ../vga.vhd                       ; yes             ; User VHDL File                         ; C:/VGA-VHDL/vga.vhd                                            ;
; ../ROM/rom.vhd                   ; yes             ; User Wizard-Generated File             ; C:/VGA-VHDL/ROM/rom.vhd                                        ;
; altsyncram.tdf                   ; yes             ; Megafunction                           ; c:/altera/91sp2/quartus/libraries/megafunctions/altsyncram.tdf ;
; db/altsyncram_50c1.tdf           ; yes             ; Auto-Generated Megafunction            ; C:/VGA-VHDL/DE2/db/altsyncram_50c1.tdf                         ;
; ram.hex                          ; yes             ; Auto-Found Memory Initialization File  ; C:/VGA-VHDL/DE2/ram.hex                                        ;
; db/decode_1oa.tdf                ; yes             ; Auto-Generated Megafunction            ; C:/VGA-VHDL/DE2/db/decode_1oa.tdf                              ;
; db/mux_hib.tdf                   ; yes             ; Auto-Generated Megafunction            ; C:/VGA-VHDL/DE2/db/mux_hib.tdf                                 ;
; db/altsyncram_5t61.tdf           ; yes             ; Auto-Generated Megafunction            ; C:/VGA-VHDL/DE2/db/altsyncram_5t61.tdf                         ;
; rom.hex                          ; yes             ; Auto-Found Memory Initialization File  ; C:/VGA-VHDL/DE2/rom.hex                                        ;
+----------------------------------+-----------------+----------------------------------------+----------------------------------------------------------------+


+-----------------------------------------------------+
; Analysis & Synthesis Resource Usage Summary         ;
+---------------------------------------------+-------+
; Resource                                    ; Usage ;
+---------------------------------------------+-------+
; Estimated Total logic elements              ; 111   ;
;                                             ;       ;
; Total combinational functions               ; 109   ;
; Logic element usage by number of LUT inputs ;       ;
;     -- 4 input functions                    ; 23    ;
;     -- 3 input functions                    ; 17    ;
;     -- <=2 input functions                  ; 69    ;
;                                             ;       ;
; Logic elements by mode                      ;       ;
;     -- normal mode                          ; 68    ;
;     -- arithmetic mode                      ; 41    ;
;                                             ;       ;
; Total registers                             ; 53    ;
;     -- Dedicated logic registers            ; 53    ;
;     -- I/O registers                        ; 0     ;
;                                             ;       ;
; I/O pins                                    ; 37    ;
; Maximum fan-out node                        ; reset ;
; Maximum fan-out                             ; 53    ;
; Total fan-out                               ; 443   ;
; Average fan-out                             ; 2.23  ;
+---------------------------------------------+-------+


+-----------------------------------------------------------------------------------------------------------------------------------------------------------------------------+
; Analysis & Synthesis Resource Utilization by Entity                                                                                                                         ;
+----------------------------+-------------------+--------------+-------------+--------------+---------+-----------+------+--------------+---------------------+--------------+
; Compilation Hierarchy Node ; LC Combinationals ; LC Registers ; Memory Bits ; DSP Elements ; DSP 9x9 ; DSP 18x18 ; Pins ; Virtual Pins ; Full Hierarchy Name ; Library Name ;
+----------------------------+-------------------+--------------+-------------+--------------+---------+-----------+------+--------------+---------------------+--------------+
; |vga                       ; 109 (109)         ; 53 (53)      ; 0           ; 0            ; 0       ; 0         ; 37   ; 0            ; |vga                ; work         ;
+----------------------------+-------------------+--------------+-------------+--------------+---------+-----------+------+--------------+---------------------+--------------+
Note: For table entries with two numbers listed, the numbers in parentheses indicate the number of resources of the given type used by the specific entity alone. The numbers listed outside of parentheses indicate the total resources of the given type used by the specific entity and all of its sub-entities in the hierarchy.


Encoding Type:  One-Hot
+--------------------------------------------------------------------------------+
; State Machine - |vga|vertikal                                                  ;
+----------------+----------------+---------------+---------------+--------------+
; Name           ; vertikal.front ; vertikal.data ; vertikal.back ; vertikal.syn ;
+----------------+----------------+---------------+---------------+--------------+
; vertikal.syn   ; 0              ; 0             ; 0             ; 0            ;
; vertikal.back  ; 0              ; 0             ; 1             ; 1            ;
; vertikal.data  ; 0              ; 1             ; 0             ; 1            ;
; vertikal.front ; 1              ; 0             ; 0             ; 1            ;
+----------------+----------------+---------------+---------------+--------------+


Encoding Type:  One-Hot
+------------------------------------------------------------------------------------------+
; State Machine - |vga|horizontal                                                          ;
+------------------+------------------+-----------------+-----------------+----------------+
; Name             ; horizontal.front ; horizontal.data ; horizontal.back ; horizontal.syn ;
+------------------+------------------+-----------------+-----------------+----------------+
; horizontal.syn   ; 0                ; 0               ; 0               ; 0              ;
; horizontal.back  ; 0                ; 0               ; 1               ; 1              ;
; horizontal.data  ; 0                ; 1               ; 0               ; 1              ;
; horizontal.front ; 1                ; 0               ; 0               ; 1              ;
+------------------+------------------+-----------------+-----------------+----------------+


+------------------------------------------------------+
; General Register Statistics                          ;
+----------------------------------------------+-------+
; Statistic                                    ; Value ;
+----------------------------------------------+-------+
; Total registers                              ; 53    ;
; Number of registers using Synchronous Clear  ; 0     ;
; Number of registers using Synchronous Load   ; 0     ;
; Number of registers using Asynchronous Clear ; 53    ;
; Number of registers using Asynchronous Load  ; 0     ;
; Number of registers using Clock Enable       ; 3     ;
; Number of registers using Preset             ; 0     ;
+----------------------------------------------+-------+


+--------------------------------------------------+
; Inverted Register Statistics                     ;
+----------------------------------------+---------+
; Inverted Register                      ; Fan out ;
+----------------------------------------+---------+
; horizontal_citac[6]                    ; 2       ;
; horizontal_citac[5]                    ; 2       ;
; horizontal_citac[4]                    ; 2       ;
; horizontal_citac[3]                    ; 2       ;
; vertikal_citac[2]                      ; 2       ;
; vertikal_citac[1]                      ; 2       ;
; Total number of inverted registers = 6 ;         ;
+----------------------------------------+---------+


+------------------------------------------------------------------------------------------------------------------------------------------+
; Multiplexer Restructuring Statistics (Restructuring Performed)                                                                           ;
+--------------------+-----------+---------------+----------------------+------------------------+------------+----------------------------+
; Multiplexer Inputs ; Bus Width ; Baseline Area ; Area if Restructured ; Saving if Restructured ; Registered ; Example Multiplexer Output ;
+--------------------+-----------+---------------+----------------------+------------------------+------------+----------------------------+
; 4:1                ; 2 bits    ; 4 LEs         ; 4 LEs                ; 0 LEs                  ; Yes        ; |vga|horizontal_citac[4]   ;
+--------------------+-----------+---------------+----------------------+------------------------+------------+----------------------------+


+----------------------------------------------------------------------------------------------------+
; Source assignments for ram:ram_inst|altsyncram:altsyncram_component|altsyncram_50c1:auto_generated ;
+---------------------------------+--------------------+------+--------------------------------------+
; Assignment                      ; Value              ; From ; To                                   ;
+---------------------------------+--------------------+------+--------------------------------------+
; OPTIMIZE_POWER_DURING_SYNTHESIS ; NORMAL_COMPILATION ; -    ; -                                    ;
+---------------------------------+--------------------+------+--------------------------------------+


+----------------------------------------------------------------------------------------------------+
; Source assignments for rom:rom_inst|altsyncram:altsyncram_component|altsyncram_5t61:auto_generated ;
+---------------------------------+--------------------+------+--------------------------------------+
; Assignment                      ; Value              ; From ; To                                   ;
+---------------------------------+--------------------+------+--------------------------------------+
; OPTIMIZE_POWER_DURING_SYNTHESIS ; NORMAL_COMPILATION ; -    ; -                                    ;
+---------------------------------+--------------------+------+--------------------------------------+


+---------------------------------------------------------------------+
; Parameter Settings for User Entity Instance: Top-level Entity: |vga ;
+-----------------+-------+-------------------------------------------+
; Parameter Name  ; Value ; Type                                      ;
+-----------------+-------+-------------------------------------------+
; H_SYNC_POLARITY ; '1'   ; Enumerated                                ;
; V_SYNC_POLARITY ; '1'   ; Enumerated                                ;
; CLK_DIV         ; 1     ; Signed Integer                            ;
; H_SYN           ; 120   ; Signed Integer                            ;
; H_BACK          ; 64    ; Signed Integer                            ;
; H_DATA          ; 800   ; Signed Integer                            ;
; H_FRONT         ; 56    ; Signed Integer                            ;
; V_SYN           ; 6     ; Signed Integer                            ;
; V_BACK          ; 12    ; Signed Integer                            ;
; V_DATA          ; 600   ; Signed Integer                            ;
; V_FRONT         ; 37    ; Signed Integer                            ;
; PIXELU_NA_RADKU ; 1040  ; Signed Integer                            ;
; SIRKA_ZNAKU     ; 6     ; Signed Integer                            ;
; VYSKA_ZNAKU     ; 10    ; Signed Integer                            ;
+-----------------+-------+-------------------------------------------+
Note: In order to hide this table in the UI and the text report file, please set the "Show Parameter Settings Tables in Synthesis Report" option in "Analysis and Synthesis Settings -> More Settings" to "Off".


+-------------------------------------------------------------------------------------------+
; Parameter Settings for User Entity Instance: ram:ram_inst|altsyncram:altsyncram_component ;
+------------------------------------+----------------------+-------------------------------+
; Parameter Name                     ; Value                ; Type                          ;
+------------------------------------+----------------------+-------------------------------+
; BYTE_SIZE_BLOCK                    ; 8                    ; Untyped                       ;
; AUTO_CARRY_CHAINS                  ; ON                   ; AUTO_CARRY                    ;
; IGNORE_CARRY_BUFFERS               ; OFF                  ; IGNORE_CARRY                  ;
; AUTO_CASCADE_CHAINS                ; ON                   ; AUTO_CASCADE                  ;
; IGNORE_CASCADE_BUFFERS             ; OFF                  ; IGNORE_CASCADE                ;
; WIDTH_BYTEENA                      ; 1                    ; Untyped                       ;
; OPERATION_MODE                     ; SINGLE_PORT          ; Untyped                       ;
; WIDTH_A                            ; 8                    ; Signed Integer                ;
; WIDTHAD_A                          ; 13                   ; Signed Integer                ;
; NUMWORDS_A                         ; 8192                 ; Signed Integer                ;
; OUTDATA_REG_A                      ; CLOCK0               ; Untyped                       ;
; ADDRESS_ACLR_A                     ; NONE                 ; Untyped                       ;
; OUTDATA_ACLR_A                     ; NONE                 ; Untyped                       ;
; WRCONTROL_ACLR_A                   ; NONE                 ; Untyped                       ;
; INDATA_ACLR_A                      ; NONE                 ; Untyped                       ;
; BYTEENA_ACLR_A                     ; NONE                 ; Untyped                       ;
; WIDTH_B                            ; 1                    ; Untyped                       ;
; WIDTHAD_B                          ; 1                    ; Untyped                       ;
; NUMWORDS_B                         ; 1                    ; Untyped                       ;
; INDATA_REG_B                       ; CLOCK1               ; Untyped                       ;
; WRCONTROL_WRADDRESS_REG_B          ; CLOCK1               ; Untyped                       ;
; RDCONTROL_REG_B                    ; CLOCK1               ; Untyped                       ;
; ADDRESS_REG_B                      ; CLOCK1               ; Untyped                       ;
; OUTDATA_REG_B                      ; UNREGISTERED         ; Untyped                       ;
; BYTEENA_REG_B                      ; CLOCK1               ; Untyped                       ;
; INDATA_ACLR_B                      ; NONE                 ; Untyped                       ;
; WRCONTROL_ACLR_B                   ; NONE                 ; Untyped                       ;
; ADDRESS_ACLR_B                     ; NONE                 ; Untyped                       ;
; OUTDATA_ACLR_B                     ; NONE                 ; Untyped                       ;
; RDCONTROL_ACLR_B                   ; NONE                 ; Untyped                       ;
; BYTEENA_ACLR_B                     ; NONE                 ; Untyped                       ;
; WIDTH_BYTEENA_A                    ; 1                    ; Signed Integer                ;
; WIDTH_BYTEENA_B                    ; 1                    ; Untyped                       ;
; RAM_BLOCK_TYPE                     ; AUTO                 ; Untyped                       ;
; BYTE_SIZE                          ; 8                    ; Untyped                       ;
; READ_DURING_WRITE_MODE_MIXED_PORTS ; DONT_CARE            ; Untyped                       ;
; READ_DURING_WRITE_MODE_PORT_A      ; NEW_DATA_NO_NBE_READ ; Untyped                       ;
; READ_DURING_WRITE_MODE_PORT_B      ; NEW_DATA_NO_NBE_READ ; Untyped                       ;
; INIT_FILE                          ; ram.hex              ; Untyped                       ;
; INIT_FILE_LAYOUT                   ; PORT_A               ; Untyped                       ;
; MAXIMUM_DEPTH                      ; 0                    ; Untyped                       ;
; CLOCK_ENABLE_INPUT_A               ; BYPASS               ; Untyped                       ;
; CLOCK_ENABLE_INPUT_B               ; NORMAL               ; Untyped                       ;
; CLOCK_ENABLE_OUTPUT_A              ; BYPASS               ; Untyped                       ;
; CLOCK_ENABLE_OUTPUT_B              ; NORMAL               ; Untyped                       ;
; CLOCK_ENABLE_CORE_A                ; USE_INPUT_CLKEN      ; Untyped                       ;
; CLOCK_ENABLE_CORE_B                ; USE_INPUT_CLKEN      ; Untyped                       ;
; ENABLE_ECC                         ; FALSE                ; Untyped                       ;
; DEVICE_FAMILY                      ; Cyclone II           ; Untyped                       ;
; CBXI_PARAMETER                     ; altsyncram_50c1      ; Untyped                       ;
+------------------------------------+----------------------+-------------------------------+
Note: In order to hide this table in the UI and the text report file, please set the "Show Parameter Settings Tables in Synthesis Report" option in "Analysis and Synthesis Settings -> More Settings" to "Off".


+-------------------------------------------------------------------------------------------+
; Parameter Settings for User Entity Instance: rom:rom_inst|altsyncram:altsyncram_component ;
+------------------------------------+----------------------+-------------------------------+
; Parameter Name                     ; Value                ; Type                          ;
+------------------------------------+----------------------+-------------------------------+
; BYTE_SIZE_BLOCK                    ; 8                    ; Untyped                       ;
; AUTO_CARRY_CHAINS                  ; ON                   ; AUTO_CARRY                    ;
; IGNORE_CARRY_BUFFERS               ; OFF                  ; IGNORE_CARRY                  ;
; AUTO_CASCADE_CHAINS                ; ON                   ; AUTO_CASCADE                  ;
; IGNORE_CASCADE_BUFFERS             ; OFF                  ; IGNORE_CASCADE                ;
; WIDTH_BYTEENA                      ; 1                    ; Untyped                       ;
; OPERATION_MODE                     ; ROM                  ; Untyped                       ;
; WIDTH_A                            ; 5                    ; Signed Integer                ;
; WIDTHAD_A                          ; 11                   ; Signed Integer                ;
; NUMWORDS_A                         ; 2048                 ; Signed Integer                ;
; OUTDATA_REG_A                      ; CLOCK0               ; Untyped                       ;
; ADDRESS_ACLR_A                     ; NONE                 ; Untyped                       ;
; OUTDATA_ACLR_A                     ; NONE                 ; Untyped                       ;
; WRCONTROL_ACLR_A                   ; NONE                 ; Untyped                       ;
; INDATA_ACLR_A                      ; NONE                 ; Untyped                       ;
; BYTEENA_ACLR_A                     ; NONE                 ; Untyped                       ;
; WIDTH_B                            ; 1                    ; Untyped                       ;
; WIDTHAD_B                          ; 1                    ; Untyped                       ;
; NUMWORDS_B                         ; 1                    ; Untyped                       ;
; INDATA_REG_B                       ; CLOCK1               ; Untyped                       ;
; WRCONTROL_WRADDRESS_REG_B          ; CLOCK1               ; Untyped                       ;
; RDCONTROL_REG_B                    ; CLOCK1               ; Untyped                       ;
; ADDRESS_REG_B                      ; CLOCK1               ; Untyped                       ;
; OUTDATA_REG_B                      ; UNREGISTERED         ; Untyped                       ;
; BYTEENA_REG_B                      ; CLOCK1               ; Untyped                       ;
; INDATA_ACLR_B                      ; NONE                 ; Untyped                       ;
; WRCONTROL_ACLR_B                   ; NONE                 ; Untyped                       ;
; ADDRESS_ACLR_B                     ; NONE                 ; Untyped                       ;
; OUTDATA_ACLR_B                     ; NONE                 ; Untyped                       ;
; RDCONTROL_ACLR_B                   ; NONE                 ; Untyped                       ;
; BYTEENA_ACLR_B                     ; NONE                 ; Untyped                       ;
; WIDTH_BYTEENA_A                    ; 1                    ; Signed Integer                ;
; WIDTH_BYTEENA_B                    ; 1                    ; Untyped                       ;
; RAM_BLOCK_TYPE                     ; AUTO                 ; Untyped                       ;
; BYTE_SIZE                          ; 8                    ; Untyped                       ;
; READ_DURING_WRITE_MODE_MIXED_PORTS ; DONT_CARE            ; Untyped                       ;
; READ_DURING_WRITE_MODE_PORT_A      ; NEW_DATA_NO_NBE_READ ; Untyped                       ;
; READ_DURING_WRITE_MODE_PORT_B      ; NEW_DATA_NO_NBE_READ ; Untyped                       ;
; INIT_FILE                          ; rom.hex              ; Untyped                       ;
; INIT_FILE_LAYOUT                   ; PORT_A               ; Untyped                       ;
; MAXIMUM_DEPTH                      ; 0                    ; Untyped                       ;
; CLOCK_ENABLE_INPUT_A               ; BYPASS               ; Untyped                       ;
; CLOCK_ENABLE_INPUT_B               ; NORMAL               ; Untyped                       ;
; CLOCK_ENABLE_OUTPUT_A              ; BYPASS               ; Untyped                       ;
; CLOCK_ENABLE_OUTPUT_B              ; NORMAL               ; Untyped                       ;
; CLOCK_ENABLE_CORE_A                ; USE_INPUT_CLKEN      ; Untyped                       ;
; CLOCK_ENABLE_CORE_B                ; USE_INPUT_CLKEN      ; Untyped                       ;
; ENABLE_ECC                         ; FALSE                ; Untyped                       ;
; DEVICE_FAMILY                      ; Cyclone II           ; Untyped                       ;
; CBXI_PARAMETER                     ; altsyncram_5t61      ; Untyped                       ;
+------------------------------------+----------------------+-------------------------------+
Note: In order to hide this table in the UI and the text report file, please set the "Show Parameter Settings Tables in Synthesis Report" option in "Analysis and Synthesis Settings -> More Settings" to "Off".


+------------------------------------------------------------------------------------------+
; altsyncram Parameter Settings by Entity Instance                                         ;
+-------------------------------------------+----------------------------------------------+
; Name                                      ; Value                                        ;
+-------------------------------------------+----------------------------------------------+
; Number of entity instances                ; 2                                            ;
; Entity Instance                           ; ram:ram_inst|altsyncram:altsyncram_component ;
;     -- OPERATION_MODE                     ; SINGLE_PORT                                  ;
;     -- WIDTH_A                            ; 8                                            ;
;     -- NUMWORDS_A                         ; 8192                                         ;
;     -- OUTDATA_REG_A                      ; CLOCK0                                       ;
;     -- WIDTH_B                            ; 1                                            ;
;     -- NUMWORDS_B                         ; 1                                            ;
;     -- ADDRESS_REG_B                      ; CLOCK1                                       ;
;     -- OUTDATA_REG_B                      ; UNREGISTERED                                 ;
;     -- RAM_BLOCK_TYPE                     ; AUTO                                         ;
;     -- READ_DURING_WRITE_MODE_MIXED_PORTS ; DONT_CARE                                    ;
; Entity Instance                           ; rom:rom_inst|altsyncram:altsyncram_component ;
;     -- OPERATION_MODE                     ; ROM                                          ;
;     -- WIDTH_A                            ; 5                                            ;
;     -- NUMWORDS_A                         ; 2048                                         ;
;     -- OUTDATA_REG_A                      ; CLOCK0                                       ;
;     -- WIDTH_B                            ; 1                                            ;
;     -- NUMWORDS_B                         ; 1                                            ;
;     -- ADDRESS_REG_B                      ; CLOCK1                                       ;
;     -- OUTDATA_REG_B                      ; UNREGISTERED                                 ;
;     -- RAM_BLOCK_TYPE                     ; AUTO                                         ;
;     -- READ_DURING_WRITE_MODE_MIXED_PORTS ; DONT_CARE                                    ;
+-------------------------------------------+----------------------------------------------+


+----------------------------------------------------------------------------------------------------------------+
; Port Connectivity Checks: "rom:rom_inst"                                                                       ;
+------+--------+----------+-------------------------------------------------------------------------------------+
; Port ; Type   ; Severity ; Details                                                                             ;
+------+--------+----------+-------------------------------------------------------------------------------------+
; q    ; Output ; Info     ; Connected to dangling logic. Logic that only feeds a dangling port will be removed. ;
+------+--------+----------+-------------------------------------------------------------------------------------+


+-------------------------------------------------------------------------------------------------------------------+
; Port Connectivity Checks: "ram:ram_inst"                                                                          ;
+---------+--------+----------+-------------------------------------------------------------------------------------+
; Port    ; Type   ; Severity ; Details                                                                             ;
+---------+--------+----------+-------------------------------------------------------------------------------------+
; address ; Input  ; Info     ; Stuck at GND                                                                        ;
; wren    ; Input  ; Info     ; Stuck at GND                                                                        ;
; q       ; Output ; Info     ; Connected to dangling logic. Logic that only feeds a dangling port will be removed. ;
+---------+--------+----------+-------------------------------------------------------------------------------------+


+-------------------------------+
; Analysis & Synthesis Messages ;
+-------------------------------+
Info: *******************************************************************
Info: Running Quartus II Analysis & Synthesis
    Info: Version 9.1 Build 350 03/24/2010 Service Pack 2 SJ Web Edition
    Info: Processing started: Tue Nov 23 13:23:36 2010
Info: Command: quartus_map --read_settings_files=on --write_settings_files=off vga -c vga
Info: Found 2 design units, including 1 entities, in source file /vga-vhdl/ram/ram.vhd
    Info: Found design unit 1: ram-SYN
    Info: Found entity 1: ram
Info: Found 2 design units, including 1 entities, in source file /vga-vhdl/vga.vhd
    Info: Found design unit 1: vga-behav
    Info: Found entity 1: vga
Info: Found 2 design units, including 1 entities, in source file /vga-vhdl/rom/rom.vhd
    Info: Found design unit 1: rom-SYN
    Info: Found entity 1: rom
Info: Elaborating entity "vga" for the top level hierarchy
Warning (10540): VHDL Signal Declaration warning at vga.vhd(30): used explicit default value for signal "vga_sync" because signal was never assigned a value
Warning (10540): VHDL Signal Declaration warning at vga.vhd(31): used explicit default value for signal "vga_blank" because signal was never assigned a value
Warning (10036): Verilog HDL or VHDL warning at vga.vhd(76): object "znak_h" assigned a value but never read
Warning (10036): Verilog HDL or VHDL warning at vga.vhd(80): object "pixel" assigned a value but never read
Warning (10540): VHDL Signal Declaration warning at vga.vhd(87): used explicit default value for signal "ram_address" because signal was never assigned a value
Warning (10541): VHDL Signal Declaration warning at vga.vhd(88): used implicit default value for signal "rom_address" because signal was never assigned a value or an explicit default value. Use of implicit default value may introduce unintended design optimizations.
Warning (10036): Verilog HDL or VHDL warning at vga.vhd(89): object "ram_out" assigned a value but never read
Warning (10541): VHDL Signal Declaration warning at vga.vhd(89): used implicit default value for signal "ram_data" because signal was never assigned a value or an explicit default value. Use of implicit default value may introduce unintended design optimizations.
Warning (10036): Verilog HDL or VHDL warning at vga.vhd(90): object "rom_out" assigned a value but never read
Warning (10540): VHDL Signal Declaration warning at vga.vhd(91): used explicit default value for signal "ram_wren" because signal was never assigned a value
Warning (10541): VHDL Signal Declaration warning at vga.vhd(99): used implicit default value for signal "sig_out_r" because signal was never assigned a value or an explicit default value. Use of implicit default value may introduce unintended design optimizations.
Warning (10541): VHDL Signal Declaration warning at vga.vhd(100): used implicit default value for signal "sig_out_g" because signal was never assigned a value or an explicit default value. Use of implicit default value may introduce unintended design optimizations.
Warning (10541): VHDL Signal Declaration warning at vga.vhd(101): used implicit default value for signal "sig_out_b" because signal was never assigned a value or an explicit default value. Use of implicit default value may introduce unintended design optimizations.
Warning (10631): VHDL Process Statement warning at vga.vhd(196): inferring latch(es) for signal or variable "pixel_pom", which holds its previous value in one or more paths through the process
Info: Elaborating entity "ram" for hierarchy "ram:ram_inst"
Info: Elaborating entity "altsyncram" for hierarchy "ram:ram_inst|altsyncram:altsyncram_component"
Info: Elaborated megafunction instantiation "ram:ram_inst|altsyncram:altsyncram_component"
Info: Instantiated megafunction "ram:ram_inst|altsyncram:altsyncram_component" with the following parameter:
    Info: Parameter "clock_enable_input_a" = "BYPASS"
    Info: Parameter "clock_enable_output_a" = "BYPASS"
    Info: Parameter "init_file" = "ram.hex"
    Info: Parameter "intended_device_family" = "Cyclone II"
    Info: Parameter "lpm_hint" = "ENABLE_RUNTIME_MOD=NO"
    Info: Parameter "lpm_type" = "altsyncram"
    Info: Parameter "numwords_a" = "8192"
    Info: Parameter "operation_mode" = "SINGLE_PORT"
    Info: Parameter "outdata_aclr_a" = "NONE"
    Info: Parameter "outdata_reg_a" = "CLOCK0"
    Info: Parameter "power_up_uninitialized" = "FALSE"
    Info: Parameter "widthad_a" = "13"
    Info: Parameter "width_a" = "8"
    Info: Parameter "width_byteena_a" = "1"
Info: Found 1 design units, including 1 entities, in source file db/altsyncram_50c1.tdf
    Info: Found entity 1: altsyncram_50c1
Info: Elaborating entity "altsyncram_50c1" for hierarchy "ram:ram_inst|altsyncram:altsyncram_component|altsyncram_50c1:auto_generated"
Info: Found 1 design units, including 1 entities, in source file db/decode_1oa.tdf
    Info: Found entity 1: decode_1oa
Info: Elaborating entity "decode_1oa" for hierarchy "ram:ram_inst|altsyncram:altsyncram_component|altsyncram_50c1:auto_generated|decode_1oa:decode3"
Info: Elaborating entity "decode_1oa" for hierarchy "ram:ram_inst|altsyncram:altsyncram_component|altsyncram_50c1:auto_generated|decode_1oa:deep_decode"
Info: Found 1 design units, including 1 entities, in source file db/mux_hib.tdf
    Info: Found entity 1: mux_hib
Info: Elaborating entity "mux_hib" for hierarchy "ram:ram_inst|altsyncram:altsyncram_component|altsyncram_50c1:auto_generated|mux_hib:mux2"
Info: Elaborating entity "rom" for hierarchy "rom:rom_inst"
Info: Elaborating entity "altsyncram" for hierarchy "rom:rom_inst|altsyncram:altsyncram_component"
Info: Elaborated megafunction instantiation "rom:rom_inst|altsyncram:altsyncram_component"
Info: Instantiated megafunction "rom:rom_inst|altsyncram:altsyncram_component" with the following parameter:
    Info: Parameter "clock_enable_input_a" = "BYPASS"
    Info: Parameter "clock_enable_output_a" = "BYPASS"
    Info: Parameter "init_file" = "rom.hex"
    Info: Parameter "intended_device_family" = "Cyclone II"
    Info: Parameter "lpm_hint" = "ENABLE_RUNTIME_MOD=NO"
    Info: Parameter "lpm_type" = "altsyncram"
    Info: Parameter "numwords_a" = "2048"
    Info: Parameter "operation_mode" = "ROM"
    Info: Parameter "outdata_aclr_a" = "NONE"
    Info: Parameter "outdata_reg_a" = "CLOCK0"
    Info: Parameter "widthad_a" = "11"
    Info: Parameter "width_a" = "5"
    Info: Parameter "width_byteena_a" = "1"
Info: Found 1 design units, including 1 entities, in source file db/altsyncram_5t61.tdf
    Info: Found entity 1: altsyncram_5t61
Info: Elaborating entity "altsyncram_5t61" for hierarchy "rom:rom_inst|altsyncram:altsyncram_component|altsyncram_5t61:auto_generated"
Warning: Synthesized away the following node(s):
    Warning: Synthesized away the following RAM node(s):
        Warning (14320): Synthesized away node "rom:rom_inst|altsyncram:altsyncram_component|altsyncram_5t61:auto_generated|q_a[0]"
        Warning (14320): Synthesized away node "rom:rom_inst|altsyncram:altsyncram_component|altsyncram_5t61:auto_generated|q_a[1]"
        Warning (14320): Synthesized away node "rom:rom_inst|altsyncram:altsyncram_component|altsyncram_5t61:auto_generated|q_a[2]"
        Warning (14320): Synthesized away node "rom:rom_inst|altsyncram:altsyncram_component|altsyncram_5t61:auto_generated|q_a[3]"
        Warning (14320): Synthesized away node "rom:rom_inst|altsyncram:altsyncram_component|altsyncram_5t61:auto_generated|q_a[4]"
        Warning (14320): Synthesized away node "ram:ram_inst|altsyncram:altsyncram_component|altsyncram_50c1:auto_generated|ram_block1a0"
        Warning (14320): Synthesized away node "ram:ram_inst|altsyncram:altsyncram_component|altsyncram_50c1:auto_generated|ram_block1a1"
        Warning (14320): Synthesized away node "ram:ram_inst|altsyncram:altsyncram_component|altsyncram_50c1:auto_generated|ram_block1a2"
        Warning (14320): Synthesized away node "ram:ram_inst|altsyncram:altsyncram_component|altsyncram_50c1:auto_generated|ram_block1a3"
        Warning (14320): Synthesized away node "ram:ram_inst|altsyncram:altsyncram_component|altsyncram_50c1:auto_generated|ram_block1a4"
        Warning (14320): Synthesized away node "ram:ram_inst|altsyncram:altsyncram_component|altsyncram_50c1:auto_generated|ram_block1a5"
        Warning (14320): Synthesized away node "ram:ram_inst|altsyncram:altsyncram_component|altsyncram_50c1:auto_generated|ram_block1a6"
        Warning (14320): Synthesized away node "ram:ram_inst|altsyncram:altsyncram_component|altsyncram_50c1:auto_generated|ram_block1a7"
        Warning (14320): Synthesized away node "ram:ram_inst|altsyncram:altsyncram_component|altsyncram_50c1:auto_generated|ram_block1a8"
        Warning (14320): Synthesized away node "ram:ram_inst|altsyncram:altsyncram_component|altsyncram_50c1:auto_generated|ram_block1a9"
        Warning (14320): Synthesized away node "ram:ram_inst|altsyncram:altsyncram_component|altsyncram_50c1:auto_generated|ram_block1a10"
        Warning (14320): Synthesized away node "ram:ram_inst|altsyncram:altsyncram_component|altsyncram_50c1:auto_generated|ram_block1a11"
        Warning (14320): Synthesized away node "ram:ram_inst|altsyncram:altsyncram_component|altsyncram_50c1:auto_generated|ram_block1a12"
        Warning (14320): Synthesized away node "ram:ram_inst|altsyncram:altsyncram_component|altsyncram_50c1:auto_generated|ram_block1a13"
        Warning (14320): Synthesized away node "ram:ram_inst|altsyncram:altsyncram_component|altsyncram_50c1:auto_generated|ram_block1a14"
        Warning (14320): Synthesized away node "ram:ram_inst|altsyncram:altsyncram_component|altsyncram_50c1:auto_generated|ram_block1a15"
Warning: Output pins are stuck at VCC or GND
    Warning (13410): Pin "signal_r[0]" is stuck at GND
    Warning (13410): Pin "signal_r[1]" is stuck at GND
    Warning (13410): Pin "signal_r[2]" is stuck at GND
    Warning (13410): Pin "signal_r[3]" is stuck at GND
    Warning (13410): Pin "signal_r[4]" is stuck at GND
    Warning (13410): Pin "signal_r[5]" is stuck at GND
    Warning (13410): Pin "signal_r[6]" is stuck at GND
    Warning (13410): Pin "signal_r[7]" is stuck at GND
    Warning (13410): Pin "signal_r[8]" is stuck at GND
    Warning (13410): Pin "signal_r[9]" is stuck at GND
    Warning (13410): Pin "signal_g[0]" is stuck at GND
    Warning (13410): Pin "signal_g[1]" is stuck at GND
    Warning (13410): Pin "signal_g[2]" is stuck at GND
    Warning (13410): Pin "signal_g[3]" is stuck at GND
    Warning (13410): Pin "signal_g[4]" is stuck at GND
    Warning (13410): Pin "signal_g[5]" is stuck at GND
    Warning (13410): Pin "signal_g[6]" is stuck at GND
    Warning (13410): Pin "signal_g[7]" is stuck at GND
    Warning (13410): Pin "signal_g[8]" is stuck at GND
    Warning (13410): Pin "signal_g[9]" is stuck at GND
    Warning (13410): Pin "signal_b[0]" is stuck at GND
    Warning (13410): Pin "signal_b[1]" is stuck at GND
    Warning (13410): Pin "signal_b[2]" is stuck at GND
    Warning (13410): Pin "signal_b[3]" is stuck at GND
    Warning (13410): Pin "signal_b[4]" is stuck at GND
    Warning (13410): Pin "signal_b[5]" is stuck at GND
    Warning (13410): Pin "signal_b[6]" is stuck at GND
    Warning (13410): Pin "signal_b[7]" is stuck at GND
    Warning (13410): Pin "signal_b[8]" is stuck at GND
    Warning (13410): Pin "signal_b[9]" is stuck at GND
    Warning (13410): Pin "vga_sync" is stuck at VCC
    Warning (13410): Pin "vga_blank" is stuck at VCC
Critical Warning: Ignored Power-Up Level option on the following registers
    Critical Warning (18010): Register horizontal_citac[6] will power up to High
    Critical Warning (18010): Register horizontal_citac[5] will power up to High
    Critical Warning (18010): Register horizontal_citac[4] will power up to High
    Critical Warning (18010): Register horizontal_citac[3] will power up to High
    Critical Warning (18010): Register vertikal_citac[31] will power up to Low
    Critical Warning (18010): Register vertikal_citac[2] will power up to High
    Critical Warning (18010): Register vertikal_citac[1] will power up to High
    Critical Warning (18010): Register vertikal_citac[0] will power up to Low
Info: Implemented 148 device resources after synthesis - the final resource count might be different
    Info: Implemented 2 input pins
    Info: Implemented 35 output pins
    Info: Implemented 111 logic cells
Info: Quartus II Analysis & Synthesis was successful. 0 errors, 79 warnings
    Info: Peak virtual memory: 243 megabytes
    Info: Processing ended: Tue Nov 23 13:23:52 2010
    Info: Elapsed time: 00:00:16
    Info: Total CPU time (on all processors): 00:00:12


